# Logfile created on 2014-03-01 12:47:08 +0530 by logger.rb/41954
D, [2014-03-01T12:47:08.684447 #18232] DEBUG -- : REQUESTING PAGE: GET /help with {} and HTTP headers {}
D, [2014-03-01T12:47:43.188868 #20862] DEBUG -- : REQUESTING PAGE: GET /help with {} and HTTP headers {}
D, [2014-03-01T12:47:43.235262 #20862] DEBUG -- : REQUESTING PAGE: GET /contact with {} and HTTP headers {}
D, [2014-03-01T12:47:43.256490 #20862] DEBUG -- : REQUESTING PAGE: GET / with {} and HTTP headers {}
D, [2014-03-01T12:47:43.283457 #20862] DEBUG -- : REQUESTING PAGE: GET /about with {} and HTTP headers {}
D, [2014-03-01T15:30:13.262790 #10495] DEBUG -- : REQUESTING PAGE: GET /contact with {} and HTTP headers {}
D, [2014-03-01T15:30:13.304507 #10495] DEBUG -- : REQUESTING PAGE: GET /about with {} and HTTP headers {}
D, [2014-03-01T15:30:13.328358 #10495] DEBUG -- : REQUESTING PAGE: GET / with {} and HTTP headers {}
D, [2014-03-01T15:30:13.352368 #10495] DEBUG -- : REQUESTING PAGE: GET /help with {} and HTTP headers {}
D, [2014-03-01T15:33:05.619474 #11071] DEBUG -- : REQUESTING PAGE: GET /contact with {} and HTTP headers {}
D, [2014-03-01T15:33:05.706743 #11071] DEBUG -- : REQUESTING PAGE: GET / with {} and HTTP headers {}
D, [2014-03-01T15:33:05.732582 #11071] DEBUG -- : REQUESTING PAGE: GET /about with {} and HTTP headers {}
D, [2014-03-01T15:33:05.763596 #11071] DEBUG -- : REQUESTING PAGE: GET /help with {} and HTTP headers {}
D, [2014-03-01T15:34:03.897513 #11368] DEBUG -- : REQUESTING PAGE: GET / with {} and HTTP headers {}
D, [2014-03-01T15:34:03.935945 #11368] DEBUG -- : REQUESTING PAGE: GET /contact with {} and HTTP headers {}
D, [2014-03-01T15:34:03.956976 #11368] DEBUG -- : REQUESTING PAGE: GET /about with {} and HTTP headers {}
D, [2014-03-01T15:34:03.978668 #11368] DEBUG -- : REQUESTING PAGE: GET /help with {} and HTTP headers {}
D, [2014-03-01T15:42:15.355024 #18433] DEBUG -- : REQUESTING PAGE: GET /help with {} and HTTP headers {}
D, [2014-03-01T15:42:15.394516 #18433] DEBUG -- : REQUESTING PAGE: GET /about with {} and HTTP headers {}
D, [2014-03-01T15:42:15.414618 #18433] DEBUG -- : REQUESTING PAGE: GET /contact with {} and HTTP headers {}
D, [2014-03-01T15:42:15.436101 #18433] DEBUG -- : REQUESTING PAGE: GET / with {} and HTTP headers {}
D, [2014-03-01T15:42:15.456788 #18433] DEBUG -- : REQUESTING PAGE: GET /signup with {} and HTTP headers {}
D, [2014-03-01T15:42:15.523164 #18433] DEBUG -- : REQUESTING PAGE: GET /signup with {} and HTTP headers {}
D, [2014-03-01T15:45:14.118610 #2383] DEBUG -- : REQUESTING PAGE: GET / with {} and HTTP headers {}
D, [2014-03-01T15:45:14.156655 #2383] DEBUG -- : REQUESTING PAGE: GET /help with {} and HTTP headers {}
D, [2014-03-01T15:45:14.178457 #2383] DEBUG -- : REQUESTING PAGE: GET /contact with {} and HTTP headers {}
D, [2014-03-01T15:45:14.199427 #2383] DEBUG -- : REQUESTING PAGE: GET /about with {} and HTTP headers {}
D, [2014-03-01T15:45:19.562371 #2394] DEBUG -- : REQUESTING PAGE: GET /about with {} and HTTP headers {}
D, [2014-03-01T15:45:19.603939 #2394] DEBUG -- : REQUESTING PAGE: GET /help with {} and HTTP headers {}
D, [2014-03-01T15:45:19.624067 #2394] DEBUG -- : REQUESTING PAGE: GET /contact with {} and HTTP headers {}
D, [2014-03-01T15:45:19.644229 #2394] DEBUG -- : REQUESTING PAGE: GET / with {} and HTTP headers {}
D, [2014-03-01T15:52:57.268880 #5762] DEBUG -- : REQUESTING PAGE: GET /contact with {} and HTTP headers {}
D, [2014-03-01T15:52:57.306951 #5762] DEBUG -- : REQUESTING PAGE: GET /about with {} and HTTP headers {}
D, [2014-03-01T15:52:57.327456 #5762] DEBUG -- : REQUESTING PAGE: GET / with {} and HTTP headers {}
D, [2014-03-01T15:52:57.352257 #5762] DEBUG -- : REQUESTING PAGE: GET /help with {} and HTTP headers {}
D, [2014-03-01T15:56:24.977671 #10231] DEBUG -- : REQUESTING PAGE: GET /help with {} and HTTP headers {}
D, [2014-03-01T15:56:25.062952 #10231] DEBUG -- : REQUESTING PAGE: GET / with {} and HTTP headers {}
D, [2014-03-01T15:56:25.086086 #10231] DEBUG -- : REQUESTING PAGE: GET /about with {} and HTTP headers {}
D, [2014-03-01T15:56:25.108639 #10231] DEBUG -- : REQUESTING PAGE: GET /contact with {} and HTTP headers {}
D, [2014-03-01T15:56:25.130816 #10231] DEBUG -- : REQUESTING PAGE: GET /help with {} and HTTP headers {}
D, [2014-03-01T15:57:22.814935 #10764] DEBUG -- : REQUESTING PAGE: GET /signup with {} and HTTP headers {}
D, [2014-03-01T15:57:22.856151 #10764] DEBUG -- : REQUESTING PAGE: GET /about with {} and HTTP headers {}
D, [2014-03-01T15:57:22.898341 #10764] DEBUG -- : REQUESTING PAGE: GET /contact with {} and HTTP headers {}
D, [2014-03-01T15:57:22.921560 #10764] DEBUG -- : REQUESTING PAGE: GET / with {} and HTTP headers {}
D, [2014-03-01T15:57:22.980663 #10764] DEBUG -- : REQUESTING PAGE: GET /help with {} and HTTP headers {}
D, [2014-03-01T15:58:42.890860 #12561] DEBUG -- : REQUESTING PAGE: GET /help with {} and HTTP headers {}
D, [2014-03-01T15:58:42.919191 #12561] DEBUG -- : REQUESTING PAGE: GET / with {} and HTTP headers {}
D, [2014-03-01T15:58:42.941365 #12561] DEBUG -- : REQUESTING PAGE: GET /contact with {} and HTTP headers {}
D, [2014-03-01T15:58:42.963725 #12561] DEBUG -- : REQUESTING PAGE: GET /about with {} and HTTP headers {}
D, [2014-03-01T16:00:38.429048 #13351] DEBUG -- : REQUESTING PAGE: GET /about with {} and HTTP headers {}
D, [2014-03-01T16:00:38.467842 #13351] DEBUG -- : REQUESTING PAGE: GET /contact with {} and HTTP headers {}
D, [2014-03-01T16:00:38.519243 #13351] DEBUG -- : REQUESTING PAGE: GET /help with {} and HTTP headers {}
D, [2014-03-01T16:00:38.596955 #13351] DEBUG -- : REQUESTING PAGE: GET / with {} and HTTP headers {}
D, [2014-03-01T16:01:09.541470 #13860] DEBUG -- : REQUESTING PAGE: GET /contact with {} and HTTP headers {}
D, [2014-03-01T16:01:09.583226 #13860] DEBUG -- : REQUESTING PAGE: GET /about with {} and HTTP headers {}
D, [2014-03-01T16:01:09.606642 #13860] DEBUG -- : REQUESTING PAGE: GET /help with {} and HTTP headers {}
D, [2014-03-01T16:01:09.665636 #13860] DEBUG -- : REQUESTING PAGE: GET / with {} and HTTP headers {}
D, [2014-03-01T16:01:40.216882 #14151] DEBUG -- : REQUESTING PAGE: GET /help with {} and HTTP headers {}
D, [2014-03-01T16:01:40.296255 #14151] DEBUG -- : REQUESTING PAGE: GET /signup with {} and HTTP headers {}
D, [2014-03-01T16:01:40.325393 #14151] DEBUG -- : REQUESTING PAGE: GET / with {} and HTTP headers {}
D, [2014-03-01T16:01:40.348190 #14151] DEBUG -- : REQUESTING PAGE: GET /about with {} and HTTP headers {}
D, [2014-03-01T16:01:40.373975 #14151] DEBUG -- : REQUESTING PAGE: GET /contact with {} and HTTP headers {}
D, [2014-03-01T16:05:09.643049 #21667] DEBUG -- : REQUESTING PAGE: GET / with {} and HTTP headers {}
D, [2014-03-01T16:05:09.681989 #21667] DEBUG -- : REQUESTING PAGE: GET /about with {} and HTTP headers {}
D, [2014-03-01T16:05:09.724423 #21667] DEBUG -- : REQUESTING PAGE: GET /help with {} and HTTP headers {}
D, [2014-03-01T16:05:09.745759 #21667] DEBUG -- : REQUESTING PAGE: GET /contact with {} and HTTP headers {}
D, [2014-03-01T16:05:09.801171 #21667] DEBUG -- : REQUESTING PAGE: GET / with {} and HTTP headers {}
D, [2014-03-01T16:05:09.822581 #21667] DEBUG -- : REQUESTING PAGE: GET /signup with {} and HTTP headers {}
D, [2014-03-01T16:07:11.176428 #5864] DEBUG -- : REQUESTING PAGE: GET / with {} and HTTP headers {}
D, [2014-03-01T16:07:11.215655 #5864] DEBUG -- : REQUESTING PAGE: GET /contact with {} and HTTP headers {}
D, [2014-03-01T16:07:11.258259 #5864] DEBUG -- : REQUESTING PAGE: GET /help with {} and HTTP headers {}
D, [2014-03-01T16:07:11.280339 #5864] DEBUG -- : REQUESTING PAGE: GET /about with {} and HTTP headers {}
D, [2014-03-01T16:07:11.335418 #5864] DEBUG -- : REQUESTING PAGE: GET / with {} and HTTP headers {}
D, [2014-03-01T16:07:11.368313 #5864] DEBUG -- : REQUESTING PAGE: GET /about with {} and HTTP headers {"HTTP_REFERER"=>"/"}
D, [2014-03-01T16:07:11.391846 #5864] DEBUG -- : REQUESTING PAGE: GET /contact with {} and HTTP headers {"HTTP_REFERER"=>"/about"}
D, [2014-03-01T16:07:11.411234 #5864] DEBUG -- : REQUESTING PAGE: GET / with {} and HTTP headers {"HTTP_REFERER"=>"/contact"}
D, [2014-03-01T16:07:11.430264 #5864] DEBUG -- : REQUESTING PAGE: GET /signup with {} and HTTP headers {"HTTP_REFERER"=>"/"}
D, [2014-03-01T16:07:11.451928 #5864] DEBUG -- : REQUESTING PAGE: GET /signup with {} and HTTP headers {}
D, [2014-03-01T16:08:30.928396 #10283] DEBUG -- : REQUESTING PAGE: GET / with {} and HTTP headers {}
D, [2014-03-01T16:08:31.006880 #10283] DEBUG -- : REQUESTING PAGE: GET /about with {} and HTTP headers {"HTTP_REFERER"=>"/"}
D, [2014-03-01T16:08:31.028253 #10283] DEBUG -- : REQUESTING PAGE: GET /contact with {} and HTTP headers {"HTTP_REFERER"=>"/about"}
D, [2014-03-01T16:08:31.049608 #10283] DEBUG -- : REQUESTING PAGE: GET / with {} and HTTP headers {"HTTP_REFERER"=>"/contact"}
D, [2014-03-01T16:08:31.070047 #10283] DEBUG -- : REQUESTING PAGE: GET /signup with {} and HTTP headers {"HTTP_REFERER"=>"/"}
D, [2014-03-01T16:08:31.094644 #10283] DEBUG -- : REQUESTING PAGE: GET /help with {} and HTTP headers {}
D, [2014-03-01T16:08:31.177199 #10283] DEBUG -- : REQUESTING PAGE: GET / with {} and HTTP headers {}
D, [2014-03-01T16:08:31.200021 #10283] DEBUG -- : REQUESTING PAGE: GET /signup with {} and HTTP headers {}
D, [2014-03-01T16:08:31.227388 #10283] DEBUG -- : REQUESTING PAGE: GET /contact with {} and HTTP headers {}
D, [2014-03-01T16:08:31.253478 #10283] DEBUG -- : REQUESTING PAGE: GET /about with {} and HTTP headers {}
D, [2014-03-01T16:12:45.912041 #10877] DEBUG -- : REQUESTING PAGE: GET /help with {} and HTTP headers {}
D, [2014-03-01T16:12:45.950534 #10877] DEBUG -- : REQUESTING PAGE: GET / with {} and HTTP headers {}
D, [2014-03-01T16:12:45.991443 #10877] DEBUG -- : REQUESTING PAGE: GET /about with {} and HTTP headers {}
D, [2014-03-01T16:12:46.014389 #10877] DEBUG -- : REQUESTING PAGE: GET /contact with {} and HTTP headers {}
D, [2014-03-01T16:12:46.079649 #10877] DEBUG -- : REQUESTING PAGE: GET /signup with {} and HTTP headers {}
D, [2014-03-01T16:12:46.100723 #10877] DEBUG -- : REQUESTING PAGE: GET / with {} and HTTP headers {}
D, [2014-03-01T16:12:46.123157 #10877] DEBUG -- : REQUESTING PAGE: GET /about with {} and HTTP headers {"HTTP_REFERER"=>"/"}
D, [2014-03-01T16:12:46.143545 #10877] DEBUG -- : REQUESTING PAGE: GET /contact with {} and HTTP headers {"HTTP_REFERER"=>"/about"}
D, [2014-03-01T16:12:46.163830 #10877] DEBUG -- : REQUESTING PAGE: GET / with {} and HTTP headers {"HTTP_REFERER"=>"/contact"}
D, [2014-03-01T16:12:46.183170 #10877] DEBUG -- : REQUESTING PAGE: GET /signup with {} and HTTP headers {"HTTP_REFERER"=>"/"}
D, [2014-03-01T23:47:26.548630 #24195] DEBUG -- : REQUESTING PAGE: GET /contact with {} and HTTP headers {}
D, [2014-03-01T23:47:26.587844 #24195] DEBUG -- : REQUESTING PAGE: GET /help with {} and HTTP headers {}
D, [2014-03-01T23:47:26.628574 #24195] DEBUG -- : REQUESTING PAGE: GET /signup with {} and HTTP headers {}
D, [2014-03-01T23:47:26.650141 #24195] DEBUG -- : REQUESTING PAGE: GET / with {} and HTTP headers {}
D, [2014-03-01T23:47:26.703862 #24195] DEBUG -- : REQUESTING PAGE: GET /about with {} and HTTP headers {}
D, [2014-03-01T23:47:26.724232 #24195] DEBUG -- : REQUESTING PAGE: GET / with {} and HTTP headers {}
D, [2014-03-01T23:47:26.744915 #24195] DEBUG -- : REQUESTING PAGE: GET /about with {} and HTTP headers {"HTTP_REFERER"=>"/"}
D, [2014-03-01T23:47:26.764330 #24195] DEBUG -- : REQUESTING PAGE: GET /contact with {} and HTTP headers {"HTTP_REFERER"=>"/about"}
D, [2014-03-01T23:47:26.784471 #24195] DEBUG -- : REQUESTING PAGE: GET / with {} and HTTP headers {"HTTP_REFERER"=>"/contact"}
D, [2014-03-01T23:47:26.803341 #24195] DEBUG -- : REQUESTING PAGE: GET /signup with {} and HTTP headers {"HTTP_REFERER"=>"/"}
D, [2014-03-05T11:28:53.098817 #10242] DEBUG -- : REQUESTING PAGE: GET / with {} and HTTP headers {}
D, [2014-03-05T11:28:53.336483 #10242] DEBUG -- : REQUESTING PAGE: GET /about with {} and HTTP headers {"HTTP_REFERER"=>"/"}
D, [2014-03-05T11:28:53.359803 #10242] DEBUG -- : REQUESTING PAGE: GET /contact with {} and HTTP headers {"HTTP_REFERER"=>"/about"}
D, [2014-03-05T11:28:53.381829 #10242] DEBUG -- : REQUESTING PAGE: GET / with {} and HTTP headers {"HTTP_REFERER"=>"/contact"}
D, [2014-03-05T11:28:53.403165 #10242] DEBUG -- : REQUESTING PAGE: GET /signup with {} and HTTP headers {"HTTP_REFERER"=>"/"}
D, [2014-03-05T11:28:53.427787 #10242] DEBUG -- : REQUESTING PAGE: GET /signup with {} and HTTP headers {}
D, [2014-03-05T11:28:53.482094 #10242] DEBUG -- : REQUESTING PAGE: GET /contact with {} and HTTP headers {}
D, [2014-03-05T11:28:53.503048 #10242] DEBUG -- : REQUESTING PAGE: GET /about with {} and HTTP headers {}
D, [2014-03-05T11:28:53.523688 #10242] DEBUG -- : REQUESTING PAGE: GET /help with {} and HTTP headers {}
D, [2014-03-05T11:28:53.546033 #10242] DEBUG -- : REQUESTING PAGE: GET / with {} and HTTP headers {}
D, [2014-03-05T11:32:47.328530 #1126] DEBUG -- : REQUESTING PAGE: GET /help with {} and HTTP headers {}
D, [2014-03-05T11:32:47.399302 #1126] DEBUG -- : REQUESTING PAGE: GET / with {} and HTTP headers {}
D, [2014-03-05T11:32:47.420756 #1126] DEBUG -- : REQUESTING PAGE: GET /about with {} and HTTP headers {"HTTP_REFERER"=>"/"}
D, [2014-03-05T11:32:47.440927 #1126] DEBUG -- : REQUESTING PAGE: GET /contact with {} and HTTP headers {"HTTP_REFERER"=>"/about"}
D, [2014-03-05T11:32:47.460451 #1126] DEBUG -- : REQUESTING PAGE: GET / with {} and HTTP headers {"HTTP_REFERER"=>"/contact"}
D, [2014-03-05T11:32:47.479947 #1126] DEBUG -- : REQUESTING PAGE: GET /signup with {} and HTTP headers {"HTTP_REFERER"=>"/"}
D, [2014-03-05T11:32:47.501534 #1126] DEBUG -- : REQUESTING PAGE: GET /about with {} and HTTP headers {}
D, [2014-03-05T11:32:47.543188 #1126] DEBUG -- : REQUESTING PAGE: GET /contact with {} and HTTP headers {}
D, [2014-03-05T11:32:47.565752 #1126] DEBUG -- : REQUESTING PAGE: GET /signup with {} and HTTP headers {}
D, [2014-03-05T11:32:47.621774 #1126] DEBUG -- : REQUESTING PAGE: GET / with {} and HTTP headers {}
D, [2014-03-05T11:32:53.863407 #1139] DEBUG -- : REQUESTING PAGE: GET / with {} and HTTP headers {}
D, [2014-03-05T11:32:53.939111 #1139] DEBUG -- : REQUESTING PAGE: GET /contact with {} and HTTP headers {}
D, [2014-03-05T11:32:53.967658 #1139] DEBUG -- : REQUESTING PAGE: GET /about with {} and HTTP headers {}
D, [2014-03-05T11:32:53.990313 #1139] DEBUG -- : REQUESTING PAGE: GET /signup with {} and HTTP headers {}
D, [2014-03-05T11:32:54.011263 #1139] DEBUG -- : REQUESTING PAGE: GET /help with {} and HTTP headers {}
D, [2014-03-05T11:32:54.032993 #1139] DEBUG -- : REQUESTING PAGE: GET / with {} and HTTP headers {}
D, [2014-03-05T11:32:54.053154 #1139] DEBUG -- : REQUESTING PAGE: GET /about with {} and HTTP headers {"HTTP_REFERER"=>"/"}
D, [2014-03-05T11:32:54.095806 #1139] DEBUG -- : REQUESTING PAGE: GET /contact with {} and HTTP headers {"HTTP_REFERER"=>"/about"}
D, [2014-03-05T11:32:54.117050 #1139] DEBUG -- : REQUESTING PAGE: GET / with {} and HTTP headers {"HTTP_REFERER"=>"/contact"}
D, [2014-03-05T11:32:54.172329 #1139] DEBUG -- : REQUESTING PAGE: GET /signup with {} and HTTP headers {"HTTP_REFERER"=>"/"}
D, [2014-03-05T11:35:05.886503 #10538] DEBUG -- : REQUESTING PAGE: GET / with {} and HTTP headers {}
D, [2014-03-05T11:35:05.963804 #10538] DEBUG -- : REQUESTING PAGE: GET /contact with {} and HTTP headers {}
D, [2014-03-05T11:35:05.987629 #10538] DEBUG -- : REQUESTING PAGE: GET /help with {} and HTTP headers {}
D, [2014-03-05T11:35:06.009624 #10538] DEBUG -- : REQUESTING PAGE: GET / with {} and HTTP headers {}
D, [2014-03-05T11:35:06.031147 #10538] DEBUG -- : REQUESTING PAGE: GET /about with {} and HTTP headers {"HTTP_REFERER"=>"/"}
D, [2014-03-05T11:35:06.053089 #10538] DEBUG -- : REQUESTING PAGE: GET /contact with {} and HTTP headers {"HTTP_REFERER"=>"/about"}
D, [2014-03-05T11:35:06.130458 #10538] DEBUG -- : REQUESTING PAGE: GET / with {} and HTTP headers {"HTTP_REFERER"=>"/contact"}
D, [2014-03-05T11:35:06.151668 #10538] DEBUG -- : REQUESTING PAGE: GET /signup with {} and HTTP headers {"HTTP_REFERER"=>"/"}
D, [2014-03-05T11:35:06.174884 #10538] DEBUG -- : REQUESTING PAGE: GET /signup with {} and HTTP headers {}
D, [2014-03-05T11:35:06.196192 #10538] DEBUG -- : REQUESTING PAGE: GET /about with {} and HTTP headers {}
D, [2014-03-05T11:35:31.787453 #13022] DEBUG -- : REQUESTING PAGE: GET /contact with {} and HTTP headers {}
D, [2014-03-05T11:35:31.861051 #13022] DEBUG -- : REQUESTING PAGE: GET /signup with {} and HTTP headers {}
D, [2014-03-05T11:35:31.883554 #13022] DEBUG -- : REQUESTING PAGE: GET /help with {} and HTTP headers {}
D, [2014-03-05T11:35:31.904730 #13022] DEBUG -- : REQUESTING PAGE: GET / with {} and HTTP headers {}
D, [2014-03-05T11:35:31.925968 #13022] DEBUG -- : REQUESTING PAGE: GET /about with {} and HTTP headers {}
D, [2014-03-05T11:35:31.949901 #13022] DEBUG -- : REQUESTING PAGE: GET / with {} and HTTP headers {}
D, [2014-03-05T11:35:31.970987 #13022] DEBUG -- : REQUESTING PAGE: GET /about with {} and HTTP headers {"HTTP_REFERER"=>"/"}
D, [2014-03-05T11:35:32.013285 #13022] DEBUG -- : REQUESTING PAGE: GET /contact with {} and HTTP headers {"HTTP_REFERER"=>"/about"}
D, [2014-03-05T11:35:32.034738 #13022] DEBUG -- : REQUESTING PAGE: GET / with {} and HTTP headers {"HTTP_REFERER"=>"/contact"}
D, [2014-03-05T11:35:32.090948 #13022] DEBUG -- : REQUESTING PAGE: GET /signup with {} and HTTP headers {"HTTP_REFERER"=>"/"}
D, [2014-03-05T11:40:28.177246 #29658] DEBUG -- : REQUESTING PAGE: GET / with {} and HTTP headers {}
D, [2014-03-05T11:40:28.217911 #29658] DEBUG -- : REQUESTING PAGE: GET /help with {} and HTTP headers {}
D, [2014-03-05T11:40:28.269971 #29658] DEBUG -- : REQUESTING PAGE: GET / with {} and HTTP headers {}
D, [2014-03-05T11:40:28.291388 #29658] DEBUG -- : REQUESTING PAGE: GET /about with {} and HTTP headers {"HTTP_REFERER"=>"/"}
D, [2014-03-05T11:40:28.313188 #29658] DEBUG -- : REQUESTING PAGE: GET /contact with {} and HTTP headers {"HTTP_REFERER"=>"/about"}
D, [2014-03-05T11:40:28.334106 #29658] DEBUG -- : REQUESTING PAGE: GET / with {} and HTTP headers {"HTTP_REFERER"=>"/contact"}
D, [2014-03-05T11:40:28.353800 #29658] DEBUG -- : REQUESTING PAGE: GET /signup with {} and HTTP headers {"HTTP_REFERER"=>"/"}
D, [2014-03-05T11:40:28.375945 #29658] DEBUG -- : REQUESTING PAGE: GET /signup with {} and HTTP headers {}
D, [2014-03-05T11:40:28.418956 #29658] DEBUG -- : REQUESTING PAGE: GET /contact with {} and HTTP headers {}
D, [2014-03-05T11:40:28.440687 #29658] DEBUG -- : REQUESTING PAGE: GET /about with {} and HTTP headers {}
D, [2014-03-05T11:41:20.997293 #31979] DEBUG -- : REQUESTING PAGE: GET / with {} and HTTP headers {}
D, [2014-03-05T11:41:21.069267 #31979] DEBUG -- : REQUESTING PAGE: GET /about with {} and HTTP headers {"HTTP_REFERER"=>"/"}
D, [2014-03-05T11:41:21.089553 #31979] DEBUG -- : REQUESTING PAGE: GET /contact with {} and HTTP headers {"HTTP_REFERER"=>"/about"}
D, [2014-03-05T11:41:21.110595 #31979] DEBUG -- : REQUESTING PAGE: GET / with {} and HTTP headers {"HTTP_REFERER"=>"/contact"}
D, [2014-03-05T11:41:21.130664 #31979] DEBUG -- : REQUESTING PAGE: GET /signup with {} and HTTP headers {"HTTP_REFERER"=>"/"}
D, [2014-03-05T11:41:21.153093 #31979] DEBUG -- : REQUESTING PAGE: GET /contact with {} and HTTP headers {}
D, [2014-03-05T11:41:21.177605 #31979] DEBUG -- : REQUESTING PAGE: GET /about with {} and HTTP headers {}
D, [2014-03-05T11:41:21.221893 #31979] DEBUG -- : REQUESTING PAGE: GET /signup with {} and HTTP headers {}
D, [2014-03-05T11:41:21.243754 #31979] DEBUG -- : REQUESTING PAGE: GET / with {} and HTTP headers {}
D, [2014-03-05T11:41:21.299632 #31979] DEBUG -- : REQUESTING PAGE: GET /help with {} and HTTP headers {}
D, [2014-03-05T11:46:30.707413 #14264] DEBUG -- : REQUESTING PAGE: GET / with {} and HTTP headers {}
D, [2014-03-05T11:46:30.768231 #14264] DEBUG -- : REQUESTING PAGE: GET / with {} and HTTP headers {}
D, [2014-03-05T11:46:30.789682 #14264] DEBUG -- : REQUESTING PAGE: GET /about with {} and HTTP headers {"HTTP_REFERER"=>"/"}
D, [2014-03-05T11:46:30.842877 #14264] DEBUG -- : REQUESTING PAGE: GET /contact with {} and HTTP headers {"HTTP_REFERER"=>"/about"}
D, [2014-03-05T11:46:30.863616 #14264] DEBUG -- : REQUESTING PAGE: GET / with {} and HTTP headers {"HTTP_REFERER"=>"/contact"}
D, [2014-03-05T11:46:30.883297 #14264] DEBUG -- : REQUESTING PAGE: GET /signup with {} and HTTP headers {"HTTP_REFERER"=>"/"}
D, [2014-03-05T11:46:30.905937 #14264] DEBUG -- : REQUESTING PAGE: GET /about with {} and HTTP headers {}
D, [2014-03-05T11:46:30.930870 #14264] DEBUG -- : REQUESTING PAGE: GET /signup with {} and HTTP headers {}
D, [2014-03-05T11:46:30.952746 #14264] DEBUG -- : REQUESTING PAGE: GET /contact with {} and HTTP headers {}
D, [2014-03-05T11:46:30.997945 #14264] DEBUG -- : REQUESTING PAGE: GET /help with {} and HTTP headers {}
D, [2014-03-05T11:47:09.650496 #20409] DEBUG -- : REQUESTING PAGE: GET / with {} and HTTP headers {}
D, [2014-03-05T11:47:09.721520 #20409] DEBUG -- : REQUESTING PAGE: GET /contact with {} and HTTP headers {}
D, [2014-03-05T11:47:09.742991 #20409] DEBUG -- : REQUESTING PAGE: GET /help with {} and HTTP headers {}
D, [2014-03-05T11:47:09.764460 #20409] DEBUG -- : REQUESTING PAGE: GET / with {} and HTTP headers {}
D, [2014-03-05T11:47:09.784545 #20409] DEBUG -- : REQUESTING PAGE: GET /about with {} and HTTP headers {"HTTP_REFERER"=>"/"}
D, [2014-03-05T11:47:09.804088 #20409] DEBUG -- : REQUESTING PAGE: GET /contact with {} and HTTP headers {"HTTP_REFERER"=>"/about"}
D, [2014-03-05T11:47:09.823998 #20409] DEBUG -- : REQUESTING PAGE: GET / with {} and HTTP headers {"HTTP_REFERER"=>"/contact"}
D, [2014-03-05T11:47:09.866582 #20409] DEBUG -- : REQUESTING PAGE: GET /signup with {} and HTTP headers {"HTTP_REFERER"=>"/"}
D, [2014-03-05T11:47:09.888905 #20409] DEBUG -- : REQUESTING PAGE: GET /about with {} and HTTP headers {}
D, [2014-03-05T11:47:09.943639 #20409] DEBUG -- : REQUESTING PAGE: GET /signup with {} and HTTP headers {}
D, [2014-03-05T11:54:29.657082 #19657] DEBUG -- : REQUESTING PAGE: GET / with {} and HTTP headers {}
D, [2014-03-05T11:54:29.697086 #19657] DEBUG -- : REQUESTING PAGE: GET / with {} and HTTP headers {}
D, [2014-03-05T11:54:29.717868 #19657] DEBUG -- : REQUESTING PAGE: GET /about with {} and HTTP headers {"HTTP_REFERER"=>"/"}
D, [2014-03-05T11:54:29.737373 #19657] DEBUG -- : REQUESTING PAGE: GET /contact with {} and HTTP headers {"HTTP_REFERER"=>"/about"}
D, [2014-03-05T11:54:29.779974 #19657] DEBUG -- : REQUESTING PAGE: GET / with {} and HTTP headers {"HTTP_REFERER"=>"/contact"}
D, [2014-03-05T11:54:29.834391 #19657] DEBUG -- : REQUESTING PAGE: GET /signup with {} and HTTP headers {"HTTP_REFERER"=>"/"}
D, [2014-03-05T11:54:29.857330 #19657] DEBUG -- : REQUESTING PAGE: GET /about with {} and HTTP headers {}
D, [2014-03-05T11:54:29.877737 #19657] DEBUG -- : REQUESTING PAGE: GET /signup with {} and HTTP headers {}
D, [2014-03-05T11:54:29.898178 #19657] DEBUG -- : REQUESTING PAGE: GET /contact with {} and HTTP headers {}
D, [2014-03-05T11:54:29.919144 #19657] DEBUG -- : REQUESTING PAGE: GET /help with {} and HTTP headers {}
D, [2014-03-05T12:05:02.743524 #29524] DEBUG -- : REQUESTING PAGE: GET /signup with {} and HTTP headers {}
D, [2014-03-05T12:05:02.801548 #29524] DEBUG -- : REQUESTING PAGE: GET /help with {} and HTTP headers {}
D, [2014-03-05T12:05:02.822607 #29524] DEBUG -- : REQUESTING PAGE: GET / with {} and HTTP headers {}
D, [2014-03-05T12:05:02.875280 #29524] DEBUG -- : REQUESTING PAGE: GET /about with {} and HTTP headers {"HTTP_REFERER"=>"/"}
D, [2014-03-05T12:05:02.895831 #29524] DEBUG -- : REQUESTING PAGE: GET /contact with {} and HTTP headers {"HTTP_REFERER"=>"/about"}
D, [2014-03-05T12:05:02.915608 #29524] DEBUG -- : REQUESTING PAGE: GET / with {} and HTTP headers {"HTTP_REFERER"=>"/contact"}
D, [2014-03-05T12:05:02.934625 #29524] DEBUG -- : REQUESTING PAGE: GET /signup with {} and HTTP headers {"HTTP_REFERER"=>"/"}
D, [2014-03-05T12:05:02.956208 #29524] DEBUG -- : REQUESTING PAGE: GET /about with {} and HTTP headers {}
D, [2014-03-05T12:05:02.975417 #29524] DEBUG -- : REQUESTING PAGE: GET /contact with {} and HTTP headers {}
D, [2014-03-05T12:05:03.016306 #29524] DEBUG -- : REQUESTING PAGE: GET / with {} and HTTP headers {}
D, [2014-03-05T12:07:33.043789 #10696] DEBUG -- : REQUESTING PAGE: GET /signup with {} and HTTP headers {}
D, [2014-03-05T12:07:33.113049 #10696] DEBUG -- : REQUESTING PAGE: GET /contact with {} and HTTP headers {}
D, [2014-03-05T12:07:33.133629 #10696] DEBUG -- : REQUESTING PAGE: GET /help with {} and HTTP headers {}
D, [2014-03-05T12:07:33.154788 #10696] DEBUG -- : REQUESTING PAGE: GET / with {} and HTTP headers {}
D, [2014-03-05T12:07:33.175903 #10696] DEBUG -- : REQUESTING PAGE: GET /about with {} and HTTP headers {}
D, [2014-03-05T12:07:33.196500 #10696] DEBUG -- : REQUESTING PAGE: GET / with {} and HTTP headers {}
D, [2014-03-05T12:07:33.238949 #10696] DEBUG -- : REQUESTING PAGE: GET /about with {} and HTTP headers {"HTTP_REFERER"=>"/"}
D, [2014-03-05T12:07:33.259835 #10696] DEBUG -- : REQUESTING PAGE: GET /contact with {} and HTTP headers {"HTTP_REFERER"=>"/about"}
D, [2014-03-05T12:07:33.280501 #10696] DEBUG -- : REQUESTING PAGE: GET / with {} and HTTP headers {"HTTP_REFERER"=>"/contact"}
D, [2014-03-05T12:07:33.334799 #10696] DEBUG -- : REQUESTING PAGE: GET /signup with {} and HTTP headers {"HTTP_REFERER"=>"/"}
D, [2014-03-05T12:08:27.644762 #15331] DEBUG -- : REQUESTING PAGE: GET /about with {} and HTTP headers {}
D, [2014-03-05T12:08:27.724495 #15331] DEBUG -- : REQUESTING PAGE: GET /contact with {} and HTTP headers {}
D, [2014-03-05T12:08:27.752410 #15331] DEBUG -- : REQUESTING PAGE: GET / with {} and HTTP headers {}
D, [2014-03-05T12:08:27.774258 #15331] DEBUG -- : REQUESTING PAGE: GET /help with {} and HTTP headers {}
D, [2014-03-05T12:08:27.796811 #15331] DEBUG -- : REQUESTING PAGE: GET /signup with {} and HTTP headers {}
D, [2014-03-05T12:08:27.821246 #15331] DEBUG -- : REQUESTING PAGE: GET / with {} and HTTP headers {}
D, [2014-03-05T12:08:27.900689 #15331] DEBUG -- : REQUESTING PAGE: GET /about with {} and HTTP headers {"HTTP_REFERER"=>"/"}
D, [2014-03-05T12:08:27.922213 #15331] DEBUG -- : REQUESTING PAGE: GET /contact with {} and HTTP headers {"HTTP_REFERER"=>"/about"}
D, [2014-03-05T12:08:27.940999 #15331] DEBUG -- : REQUESTING PAGE: GET / with {} and HTTP headers {"HTTP_REFERER"=>"/contact"}
D, [2014-03-05T12:08:27.960589 #15331] DEBUG -- : REQUESTING PAGE: GET /signup with {} and HTTP headers {"HTTP_REFERER"=>"/"}
D, [2014-03-05T12:10:49.261216 #2336] DEBUG -- : REQUESTING PAGE: GET / with {} and HTTP headers {}
D, [2014-03-05T12:10:49.303700 #2336] DEBUG -- : REQUESTING PAGE: GET /about with {} and HTTP headers {"HTTP_REFERER"=>"/"}
D, [2014-03-05T12:10:49.346841 #2336] DEBUG -- : REQUESTING PAGE: GET /contact with {} and HTTP headers {"HTTP_REFERER"=>"/about"}
D, [2014-03-05T12:10:49.400190 #2336] DEBUG -- : REQUESTING PAGE: GET / with {} and HTTP headers {"HTTP_REFERER"=>"/contact"}
D, [2014-03-05T12:10:49.420120 #2336] DEBUG -- : REQUESTING PAGE: GET /signup with {} and HTTP headers {"HTTP_REFERER"=>"/"}
D, [2014-03-05T12:10:49.441291 #2336] DEBUG -- : REQUESTING PAGE: GET /contact with {} and HTTP headers {}
D, [2014-03-05T12:10:49.461122 #2336] DEBUG -- : REQUESTING PAGE: GET /help with {} and HTTP headers {}
D, [2014-03-05T12:10:49.482664 #2336] DEBUG -- : REQUESTING PAGE: GET /about with {} and HTTP headers {}
D, [2014-03-05T12:10:49.508060 #2336] DEBUG -- : REQUESTING PAGE: GET /signup with {} and HTTP headers {}
D, [2014-03-05T12:10:49.555299 #2336] DEBUG -- : REQUESTING PAGE: GET / with {} and HTTP headers {}
D, [2014-03-05T12:11:41.548515 #5659] DEBUG -- : REQUESTING PAGE: GET / with {} and HTTP headers {}
D, [2014-03-05T12:11:41.592150 #5659] DEBUG -- : REQUESTING PAGE: GET /about with {} and HTTP headers {"HTTP_REFERER"=>"/"}
D, [2014-03-05T12:11:41.612186 #5659] DEBUG -- : REQUESTING PAGE: GET /contact with {} and HTTP headers {"HTTP_REFERER"=>"/about"}
D, [2014-03-05T12:11:41.632222 #5659] DEBUG -- : REQUESTING PAGE: GET / with {} and HTTP headers {"HTTP_REFERER"=>"/contact"}
D, [2014-03-05T12:11:41.675727 #5659] DEBUG -- : REQUESTING PAGE: GET /signup with {} and HTTP headers {"HTTP_REFERER"=>"/"}
D, [2014-03-05T12:11:41.732445 #5659] DEBUG -- : REQUESTING PAGE: GET /about with {} and HTTP headers {}
D, [2014-03-05T12:11:41.753728 #5659] DEBUG -- : REQUESTING PAGE: GET /signup with {} and HTTP headers {}
D, [2014-03-05T12:11:41.775277 #5659] DEBUG -- : REQUESTING PAGE: GET /help with {} and HTTP headers {}
D, [2014-03-05T12:11:41.795765 #5659] DEBUG -- : REQUESTING PAGE: GET /contact with {} and HTTP headers {}
D, [2014-03-05T12:11:41.815662 #5659] DEBUG -- : REQUESTING PAGE: GET / with {} and HTTP headers {}
D, [2014-03-05T12:34:59.323957 #12352] DEBUG -- : REQUESTING PAGE: GET / with {} and HTTP headers {}
D, [2014-03-05T12:34:59.406517 #12352] DEBUG -- : REQUESTING PAGE: GET /about with {} and HTTP headers {"HTTP_REFERER"=>"/"}
D, [2014-03-05T12:34:59.427637 #12352] DEBUG -- : REQUESTING PAGE: GET /contact with {} and HTTP headers {"HTTP_REFERER"=>"/about"}
D, [2014-03-05T12:34:59.448814 #12352] DEBUG -- : REQUESTING PAGE: GET / with {} and HTTP headers {"HTTP_REFERER"=>"/contact"}
D, [2014-03-05T12:34:59.468954 #12352] DEBUG -- : REQUESTING PAGE: GET /signup with {} and HTTP headers {"HTTP_REFERER"=>"/"}
D, [2014-03-05T12:34:59.526075 #12352] DEBUG -- : REQUESTING PAGE: GET /signup with {} and HTTP headers {}
D, [2014-03-05T12:34:59.551298 #12352] DEBUG -- : REQUESTING PAGE: GET /contact with {} and HTTP headers {}
D, [2014-03-05T12:34:59.573597 #12352] DEBUG -- : REQUESTING PAGE: GET / with {} and HTTP headers {}
D, [2014-03-05T12:34:59.604612 #12352] DEBUG -- : REQUESTING PAGE: GET /about with {} and HTTP headers {}
D, [2014-03-05T12:34:59.625680 #12352] DEBUG -- : REQUESTING PAGE: GET /help with {} and HTTP headers {}
